0:0:0:0:0:0:0:1 - - [22/Mar/2021:18:43:45 +0800] "GET /nacos/ HTTP/1.1" 200 2624 284 Mozilla/5.0 (Windows NT 10.0; Win64; x64) AppleWebKit/537.36 (KHTML, like Gecko) Chrome/89.0.4389.90 Safari/537.36
0:0:0:0:0:0:0:1 - - [22/Mar/2021:18:43:45 +0800] "GET /nacos/console-fe/public/css/font-awesome.css HTTP/1.1" 200 33850 56 Mozilla/5.0 (Windows NT 10.0; Win64; x64) AppleWebKit/537.36 (KHTML, like Gecko) Chrome/89.0.4389.90 Safari/537.36
0:0:0:0:0:0:0:1 - - [22/Mar/2021:18:43:45 +0800] "GET /nacos/console-fe/public/css/codemirror.css HTTP/1.1" 200 8858 87 Mozilla/5.0 (Windows NT 10.0; Win64; x64) AppleWebKit/537.36 (KHTML, like Gecko) Chrome/89.0.4389.90 Safari/537.36
0:0:0:0:0:0:0:1 - - [22/Mar/2021:18:43:45 +0800] "GET /nacos/console-fe/public/css/icon.css HTTP/1.1" 200 5176 162 Mozilla/5.0 (Windows NT 10.0; Win64; x64) AppleWebKit/537.36 (KHTML, like Gecko) Chrome/89.0.4389.90 Safari/537.36
0:0:0:0:0:0:0:1 - - [22/Mar/2021:18:43:45 +0800] "GET /nacos/console-fe/public/css/bootstrap.css HTTP/1.1" 200 123294 175 Mozilla/5.0 (Windows NT 10.0; Win64; x64) AppleWebKit/537.36 (KHTML, like Gecko) Chrome/89.0.4389.90 Safari/537.36
0:0:0:0:0:0:0:1 - - [22/Mar/2021:18:43:45 +0800] "GET /nacos/console-fe/public/css/console1412.css HTTP/1.1" 200 156959 181 Mozilla/5.0 (Windows NT 10.0; Win64; x64) AppleWebKit/537.36 (KHTML, like Gecko) Chrome/89.0.4389.90 Safari/537.36
0:0:0:0:0:0:0:1 - - [22/Mar/2021:18:43:45 +0800] "GET /nacos/console-fe/public/css/merge.css HTTP/1.1" 200 3866 174 Mozilla/5.0 (Windows NT 10.0; Win64; x64) AppleWebKit/537.36 (KHTML, like Gecko) Chrome/89.0.4389.90 Safari/537.36
0:0:0:0:0:0:0:1 - - [22/Mar/2021:18:43:45 +0800] "GET /nacos/console-fe/public/js/jquery.js HTTP/1.1" 200 89476 98 Mozilla/5.0 (Windows NT 10.0; Win64; x64) AppleWebKit/537.36 (KHTML, like Gecko) Chrome/89.0.4389.90 Safari/537.36
0:0:0:0:0:0:0:1 - - [22/Mar/2021:18:43:45 +0800] "GET /nacos/css/main.css HTTP/1.1" 200 444221 145 Mozilla/5.0 (Windows NT 10.0; Win64; x64) AppleWebKit/537.36 (KHTML, like Gecko) Chrome/89.0.4389.90 Safari/537.36
0:0:0:0:0:0:0:1 - - [22/Mar/2021:18:43:45 +0800] "GET /nacos/console-fe/public/js/javascript.js HTTP/1.1" 200 32209 58 Mozilla/5.0 (Windows NT 10.0; Win64; x64) AppleWebKit/537.36 (KHTML, like Gecko) Chrome/89.0.4389.90 Safari/537.36
0:0:0:0:0:0:0:1 - - [22/Mar/2021:18:43:45 +0800] "GET /nacos/console-fe/public/js/codemirror.addone.fullscreen.js HTTP/1.1" 200 1983 29 Mozilla/5.0 (Windows NT 10.0; Win64; x64) AppleWebKit/537.36 (KHTML, like Gecko) Chrome/89.0.4389.90 Safari/537.36
0:0:0:0:0:0:0:1 - - [22/Mar/2021:18:43:45 +0800] "GET /nacos/console-fe/public/js/codemirror.addone.lint.js HTTP/1.1" 200 8521 29 Mozilla/5.0 (Windows NT 10.0; Win64; x64) AppleWebKit/537.36 (KHTML, like Gecko) Chrome/89.0.4389.90 Safari/537.36
0:0:0:0:0:0:0:1 - - [22/Mar/2021:18:43:45 +0800] "GET /nacos/console-fe/public/js/xml.js HTTP/1.1" 200 13059 50 Mozilla/5.0 (Windows NT 10.0; Win64; x64) AppleWebKit/537.36 (KHTML, like Gecko) Chrome/89.0.4389.90 Safari/537.36
0:0:0:0:0:0:0:1 - - [22/Mar/2021:18:43:45 +0800] "GET /nacos/console-fe/public/js/codemirror.js HTTP/1.1" 200 366246 80 Mozilla/5.0 (Windows NT 10.0; Win64; x64) AppleWebKit/537.36 (KHTML, like Gecko) Chrome/89.0.4389.90 Safari/537.36
0:0:0:0:0:0:0:1 - - [22/Mar/2021:18:43:46 +0800] "GET /nacos/console-fe/public/js/codemirror.lib.json-lint.js HTTP/1.1" 200 16798 15 Mozilla/5.0 (Windows NT 10.0; Win64; x64) AppleWebKit/537.36 (KHTML, like Gecko) Chrome/89.0.4389.90 Safari/537.36
0:0:0:0:0:0:0:1 - - [22/Mar/2021:18:43:46 +0800] "GET /nacos/console-fe/public/js/codemirror.addone.json-lint.js HTTP/1.1" 200 1443 23 Mozilla/5.0 (Windows NT 10.0; Win64; x64) AppleWebKit/537.36 (KHTML, like Gecko) Chrome/89.0.4389.90 Safari/537.36
0:0:0:0:0:0:0:1 - - [22/Mar/2021:18:43:46 +0800] "GET /nacos/console-fe/public/js/diff_match_patch.js HTTP/1.1" 200 19192 13 Mozilla/5.0 (Windows NT 10.0; Win64; x64) AppleWebKit/537.36 (KHTML, like Gecko) Chrome/89.0.4389.90 Safari/537.36
0:0:0:0:0:0:0:1 - - [22/Mar/2021:18:43:46 +0800] "GET /nacos/console-fe/public/js/codemirror.lib.clike-lint.js HTTP/1.1" 200 31531 20 Mozilla/5.0 (Windows NT 10.0; Win64; x64) AppleWebKit/537.36 (KHTML, like Gecko) Chrome/89.0.4389.90 Safari/537.36
0:0:0:0:0:0:0:1 - - [22/Mar/2021:18:43:46 +0800] "GET /nacos/console-fe/public/js/merge.js HTTP/1.1" 200 37883 36 Mozilla/5.0 (Windows NT 10.0; Win64; x64) AppleWebKit/537.36 (KHTML, like Gecko) Chrome/89.0.4389.90 Safari/537.36
0:0:0:0:0:0:0:1 - - [22/Mar/2021:18:43:46 +0800] "GET /nacos/console-fe/public/js/loader.js HTTP/1.1" 200 28899 12 Mozilla/5.0 (Windows NT 10.0; Win64; x64) AppleWebKit/537.36 (KHTML, like Gecko) Chrome/89.0.4389.90 Safari/537.36
0:0:0:0:0:0:0:1 - - [22/Mar/2021:18:43:46 +0800] "GET /nacos/js/main.js HTTP/1.1" 200 1380490 87 Mozilla/5.0 (Windows NT 10.0; Win64; x64) AppleWebKit/537.36 (KHTML, like Gecko) Chrome/89.0.4389.90 Safari/537.36
0:0:0:0:0:0:0:1 - - [22/Mar/2021:18:43:46 +0800] "GET /nacos/console-fe/public/js/vs/editor/editor.main.js HTTP/1.1" 200 1824087 57 Mozilla/5.0 (Windows NT 10.0; Win64; x64) AppleWebKit/537.36 (KHTML, like Gecko) Chrome/89.0.4389.90 Safari/537.36
0:0:0:0:0:0:0:1 - - [22/Mar/2021:18:43:46 +0800] "GET /nacos/img/logo-2000-390.svg HTTP/1.1" 200 2106 13 Mozilla/5.0 (Windows NT 10.0; Win64; x64) AppleWebKit/537.36 (KHTML, like Gecko) Chrome/89.0.4389.90 Safari/537.36
0:0:0:0:0:0:0:1 - - [22/Mar/2021:18:43:47 +0800] "GET /nacos/v1/console/server/state?accessToken=eyJhbGciOiJIUzI1NiJ9.eyJzdWIiOiJuYWNvcyIsImV4cCI6MTYxNjE2OTcxMH0.bnWs-_oD89g1EuFLW3EhiVD8iNrKgjwOwwK5h2g1MwY HTTP/1.1" 200 82 179 Mozilla/5.0 (Windows NT 10.0; Win64; x64) AppleWebKit/537.36 (KHTML, like Gecko) Chrome/89.0.4389.90 Safari/537.36
0:0:0:0:0:0:0:1 - - [22/Mar/2021:18:43:47 +0800] "GET /nacos/v1/console/namespaces?&accessToken=eyJhbGciOiJIUzI1NiJ9.eyJzdWIiOiJuYWNvcyIsImV4cCI6MTYxNjE2OTcxMH0.bnWs-_oD89g1EuFLW3EhiVD8iNrKgjwOwwK5h2g1MwY&namespaceId= HTTP/1.1" 200 130 425 Mozilla/5.0 (Windows NT 10.0; Win64; x64) AppleWebKit/537.36 (KHTML, like Gecko) Chrome/89.0.4389.90 Safari/537.36
0:0:0:0:0:0:0:1 - - [22/Mar/2021:18:43:47 +0800] "GET /nacos/console-fe/public/icons/icon-font.woff2 HTTP/1.1" 404 177 152 Mozilla/5.0 (Windows NT 10.0; Win64; x64) AppleWebKit/537.36 (KHTML, like Gecko) Chrome/89.0.4389.90 Safari/537.36
0:0:0:0:0:0:0:1 - - [22/Mar/2021:18:43:47 +0800] "GET /nacos/console-fe/public/js/vs/editor/editor.main.css HTTP/1.1" 200 172199 31 Mozilla/5.0 (Windows NT 10.0; Win64; x64) AppleWebKit/537.36 (KHTML, like Gecko) Chrome/89.0.4389.90 Safari/537.36
0:0:0:0:0:0:0:1 - - [22/Mar/2021:18:43:47 +0800] "GET /nacos/console-fe/public/js/vs/editor/editor.main.nls.zh-cn.js HTTP/1.1" 200 22864 10 Mozilla/5.0 (Windows NT 10.0; Win64; x64) AppleWebKit/537.36 (KHTML, like Gecko) Chrome/89.0.4389.90 Safari/537.36
0:0:0:0:0:0:0:1 - - [22/Mar/2021:18:43:47 +0800] "GET /nacos/v1/cs/configs?dataId=&group=&appName=&config_tags=&pageNo=1&pageSize=10&tenant=&search=accurate&accessToken=eyJhbGciOiJIUzI1NiJ9.eyJzdWIiOiJuYWNvcyIsImV4cCI6MTYxNjE2OTcxMH0.bnWs-_oD89g1EuFLW3EhiVD8iNrKgjwOwwK5h2g1MwY HTTP/1.1" 200 4092 363 Mozilla/5.0 (Windows NT 10.0; Win64; x64) AppleWebKit/537.36 (KHTML, like Gecko) Chrome/89.0.4389.90 Safari/537.36
0:0:0:0:0:0:0:1 - - [22/Mar/2021:18:43:47 +0800] "GET /nacos/console-fe/public/icons/icon-font.woff HTTP/1.1" 200 5504 15 Mozilla/5.0 (Windows NT 10.0; Win64; x64) AppleWebKit/537.36 (KHTML, like Gecko) Chrome/89.0.4389.90 Safari/537.36
0:0:0:0:0:0:0:1 - - [22/Mar/2021:18:43:50 +0800] "GET /nacos/v1/cs/configs?show=all&dataId=application-dev.yml&group=DEFAULT_GROUP&tenant=&accessToken=eyJhbGciOiJIUzI1NiJ9.eyJzdWIiOiJuYWNvcyIsImV4cCI6MTYxNjE2OTcxMH0.bnWs-_oD89g1EuFLW3EhiVD8iNrKgjwOwwK5h2g1MwY&namespaceId= HTTP/1.1" 200 915 187 Mozilla/5.0 (Windows NT 10.0; Win64; x64) AppleWebKit/537.36 (KHTML, like Gecko) Chrome/89.0.4389.90 Safari/537.36
0:0:0:0:0:0:0:1 - - [22/Mar/2021:18:44:45 +0800] "GET /nacos/v1/cs/configs?dataId=&group=&appName=&config_tags=&pageNo=1&pageSize=10&tenant=&search=accurate&accessToken=eyJhbGciOiJIUzI1NiJ9.eyJzdWIiOiJuYWNvcyIsImV4cCI6MTYxNjE2OTcxMH0.bnWs-_oD89g1EuFLW3EhiVD8iNrKgjwOwwK5h2g1MwY HTTP/1.1" 200 4092 156 Mozilla/5.0 (Windows NT 10.0; Win64; x64) AppleWebKit/537.36 (KHTML, like Gecko) Chrome/89.0.4389.90 Safari/537.36
0:0:0:0:0:0:0:1 - - [22/Mar/2021:18:46:32 +0800] "GET /nacos/v1/console/namespaces?namespaceId=&accessToken=eyJhbGciOiJIUzI1NiJ9.eyJzdWIiOiJuYWNvcyIsImV4cCI6MTYxNjE2OTcxMH0.bnWs-_oD89g1EuFLW3EhiVD8iNrKgjwOwwK5h2g1MwY HTTP/1.1" 200 130 136 Mozilla/5.0 (Windows NT 10.0; Win64; x64) AppleWebKit/537.36 (KHTML, like Gecko) Chrome/89.0.4389.90 Safari/537.36
0:0:0:0:0:0:0:1 - - [22/Mar/2021:18:46:59 +0800] "GET /nacos/v1/console/namespaces?&accessToken=eyJhbGciOiJIUzI1NiJ9.eyJzdWIiOiJuYWNvcyIsImV4cCI6MTYxNjE2OTcxMH0.bnWs-_oD89g1EuFLW3EhiVD8iNrKgjwOwwK5h2g1MwY&namespaceId= HTTP/1.1" 200 130 136 Mozilla/5.0 (Windows NT 10.0; Win64; x64) AppleWebKit/537.36 (KHTML, like Gecko) Chrome/89.0.4389.90 Safari/537.36
0:0:0:0:0:0:0:1 - - [22/Mar/2021:18:47:11 +0800] "GET /nacos/v1/auth/users?pageNo=1&pageSize=9&accessToken=eyJhbGciOiJIUzI1NiJ9.eyJzdWIiOiJuYWNvcyIsImV4cCI6MTYxNjE2OTcxMH0.bnWs-_oD89g1EuFLW3EhiVD8iNrKgjwOwwK5h2g1MwY HTTP/1.1" 200 170 185 Mozilla/5.0 (Windows NT 10.0; Win64; x64) AppleWebKit/537.36 (KHTML, like Gecko) Chrome/89.0.4389.90 Safari/537.36
0:0:0:0:0:0:0:1 - - [22/Mar/2021:18:47:11 +0800] "GET /nacos/v1/auth/roles?pageNo=1&pageSize=9&accessToken=eyJhbGciOiJIUzI1NiJ9.eyJzdWIiOiJuYWNvcyIsImV4cCI6MTYxNjE2OTcxMH0.bnWs-_oD89g1EuFLW3EhiVD8iNrKgjwOwwK5h2g1MwY HTTP/1.1" 200 116 145 Mozilla/5.0 (Windows NT 10.0; Win64; x64) AppleWebKit/537.36 (KHTML, like Gecko) Chrome/89.0.4389.90 Safari/537.36
0:0:0:0:0:0:0:1 - - [22/Mar/2021:18:47:12 +0800] "GET /nacos/v1/console/namespaces?accessToken=eyJhbGciOiJIUzI1NiJ9.eyJzdWIiOiJuYWNvcyIsImV4cCI6MTYxNjE2OTcxMH0.bnWs-_oD89g1EuFLW3EhiVD8iNrKgjwOwwK5h2g1MwY HTTP/1.1" 200 130 73 Mozilla/5.0 (Windows NT 10.0; Win64; x64) AppleWebKit/537.36 (KHTML, like Gecko) Chrome/89.0.4389.90 Safari/537.36
0:0:0:0:0:0:0:1 - - [22/Mar/2021:18:47:12 +0800] "GET /nacos/v1/auth/permissions?pageNo=1&pageSize=9&accessToken=eyJhbGciOiJIUzI1NiJ9.eyJzdWIiOiJuYWNvcyIsImV4cCI6MTYxNjE2OTcxMH0.bnWs-_oD89g1EuFLW3EhiVD8iNrKgjwOwwK5h2g1MwY HTTP/1.1" 200 76 106 Mozilla/5.0 (Windows NT 10.0; Win64; x64) AppleWebKit/537.36 (KHTML, like Gecko) Chrome/89.0.4389.90 Safari/537.36
0:0:0:0:0:0:0:1 - - [22/Mar/2021:18:47:12 +0800] "GET /nacos/v1/console/namespaces?accessToken=eyJhbGciOiJIUzI1NiJ9.eyJzdWIiOiJuYWNvcyIsImV4cCI6MTYxNjE2OTcxMH0.bnWs-_oD89g1EuFLW3EhiVD8iNrKgjwOwwK5h2g1MwY HTTP/1.1" 200 130 75 Mozilla/5.0 (Windows NT 10.0; Win64; x64) AppleWebKit/537.36 (KHTML, like Gecko) Chrome/89.0.4389.90 Safari/537.36
0:0:0:0:0:0:0:1 - - [22/Mar/2021:18:47:12 +0800] "GET /nacos/v1/auth/roles?pageNo=1&pageSize=9&accessToken=eyJhbGciOiJIUzI1NiJ9.eyJzdWIiOiJuYWNvcyIsImV4cCI6MTYxNjE2OTcxMH0.bnWs-_oD89g1EuFLW3EhiVD8iNrKgjwOwwK5h2g1MwY HTTP/1.1" 200 116 124 Mozilla/5.0 (Windows NT 10.0; Win64; x64) AppleWebKit/537.36 (KHTML, like Gecko) Chrome/89.0.4389.90 Safari/537.36
0:0:0:0:0:0:0:1 - - [22/Mar/2021:18:47:12 +0800] "GET /nacos/v1/auth/users?pageNo=1&pageSize=9&accessToken=eyJhbGciOiJIUzI1NiJ9.eyJzdWIiOiJuYWNvcyIsImV4cCI6MTYxNjE2OTcxMH0.bnWs-_oD89g1EuFLW3EhiVD8iNrKgjwOwwK5h2g1MwY HTTP/1.1" 200 170 118 Mozilla/5.0 (Windows NT 10.0; Win64; x64) AppleWebKit/537.36 (KHTML, like Gecko) Chrome/89.0.4389.90 Safari/537.36
0:0:0:0:0:0:0:1 - - [22/Mar/2021:18:47:13 +0800] "GET /nacos/v1/auth/permissions?pageNo=1&pageSize=9&accessToken=eyJhbGciOiJIUzI1NiJ9.eyJzdWIiOiJuYWNvcyIsImV4cCI6MTYxNjE2OTcxMH0.bnWs-_oD89g1EuFLW3EhiVD8iNrKgjwOwwK5h2g1MwY HTTP/1.1" 200 76 115 Mozilla/5.0 (Windows NT 10.0; Win64; x64) AppleWebKit/537.36 (KHTML, like Gecko) Chrome/89.0.4389.90 Safari/537.36
0:0:0:0:0:0:0:1 - - [22/Mar/2021:18:47:13 +0800] "GET /nacos/v1/console/namespaces?accessToken=eyJhbGciOiJIUzI1NiJ9.eyJzdWIiOiJuYWNvcyIsImV4cCI6MTYxNjE2OTcxMH0.bnWs-_oD89g1EuFLW3EhiVD8iNrKgjwOwwK5h2g1MwY HTTP/1.1" 200 130 165 Mozilla/5.0 (Windows NT 10.0; Win64; x64) AppleWebKit/537.36 (KHTML, like Gecko) Chrome/89.0.4389.90 Safari/537.36
0:0:0:0:0:0:0:1 - - [22/Mar/2021:18:47:13 +0800] "GET /nacos/v1/console/namespaces?accessToken=eyJhbGciOiJIUzI1NiJ9.eyJzdWIiOiJuYWNvcyIsImV4cCI6MTYxNjE2OTcxMH0.bnWs-_oD89g1EuFLW3EhiVD8iNrKgjwOwwK5h2g1MwY HTTP/1.1" 200 130 69 Mozilla/5.0 (Windows NT 10.0; Win64; x64) AppleWebKit/537.36 (KHTML, like Gecko) Chrome/89.0.4389.90 Safari/537.36
0:0:0:0:0:0:0:1 - - [22/Mar/2021:18:47:14 +0800] "GET /nacos/v1/auth/roles?pageNo=1&pageSize=9&accessToken=eyJhbGciOiJIUzI1NiJ9.eyJzdWIiOiJuYWNvcyIsImV4cCI6MTYxNjE2OTcxMH0.bnWs-_oD89g1EuFLW3EhiVD8iNrKgjwOwwK5h2g1MwY HTTP/1.1" 200 116 214 Mozilla/5.0 (Windows NT 10.0; Win64; x64) AppleWebKit/537.36 (KHTML, like Gecko) Chrome/89.0.4389.90 Safari/537.36
0:0:0:0:0:0:0:1 - - [22/Mar/2021:18:47:15 +0800] "GET /nacos/v1/auth/users?pageNo=1&pageSize=9&accessToken=eyJhbGciOiJIUzI1NiJ9.eyJzdWIiOiJuYWNvcyIsImV4cCI6MTYxNjE2OTcxMH0.bnWs-_oD89g1EuFLW3EhiVD8iNrKgjwOwwK5h2g1MwY HTTP/1.1" 200 170 220 Mozilla/5.0 (Windows NT 10.0; Win64; x64) AppleWebKit/537.36 (KHTML, like Gecko) Chrome/89.0.4389.90 Safari/537.36
0:0:0:0:0:0:0:1 - - [22/Mar/2021:18:47:22 +0800] "GET /nacos/v1/console/namespaces?&accessToken=eyJhbGciOiJIUzI1NiJ9.eyJzdWIiOiJuYWNvcyIsImV4cCI6MTYxNjE2OTcxMH0.bnWs-_oD89g1EuFLW3EhiVD8iNrKgjwOwwK5h2g1MwY&namespaceId= HTTP/1.1" 200 130 136 Mozilla/5.0 (Windows NT 10.0; Win64; x64) AppleWebKit/537.36 (KHTML, like Gecko) Chrome/89.0.4389.90 Safari/537.36
0:0:0:0:0:0:0:1 - - [22/Mar/2021:18:47:23 +0800] "GET /nacos/v1/core/cluster/nodes?withInstances=false&pageNo=1&pageSize=10&keyword=&accessToken=eyJhbGciOiJIUzI1NiJ9.eyJzdWIiOiJuYWNvcyIsImV4cCI6MTYxNjE2OTcxMH0.bnWs-_oD89g1EuFLW3EhiVD8iNrKgjwOwwK5h2g1MwY&namespaceId= HTTP/1.1" 200 219 7 Mozilla/5.0 (Windows NT 10.0; Win64; x64) AppleWebKit/537.36 (KHTML, like Gecko) Chrome/89.0.4389.90 Safari/537.36
0:0:0:0:0:0:0:1 - - [22/Mar/2021:18:47:24 +0800] "GET /nacos/v1/console/namespaces?&accessToken=eyJhbGciOiJIUzI1NiJ9.eyJzdWIiOiJuYWNvcyIsImV4cCI6MTYxNjE2OTcxMH0.bnWs-_oD89g1EuFLW3EhiVD8iNrKgjwOwwK5h2g1MwY&namespaceId= HTTP/1.1" 200 130 181 Mozilla/5.0 (Windows NT 10.0; Win64; x64) AppleWebKit/537.36 (KHTML, like Gecko) Chrome/89.0.4389.90 Safari/537.36
0:0:0:0:0:0:0:1 - - [22/Mar/2021:18:47:27 +0800] "GET /nacos/v1/auth/users?pageNo=1&pageSize=9&accessToken=eyJhbGciOiJIUzI1NiJ9.eyJzdWIiOiJuYWNvcyIsImV4cCI6MTYxNjE2OTcxMH0.bnWs-_oD89g1EuFLW3EhiVD8iNrKgjwOwwK5h2g1MwY HTTP/1.1" 200 170 169 Mozilla/5.0 (Windows NT 10.0; Win64; x64) AppleWebKit/537.36 (KHTML, like Gecko) Chrome/89.0.4389.90 Safari/537.36
0:0:0:0:0:0:0:1 - - [22/Mar/2021:18:47:28 +0800] "GET /nacos/v1/auth/roles?pageNo=1&pageSize=9&accessToken=eyJhbGciOiJIUzI1NiJ9.eyJzdWIiOiJuYWNvcyIsImV4cCI6MTYxNjE2OTcxMH0.bnWs-_oD89g1EuFLW3EhiVD8iNrKgjwOwwK5h2g1MwY HTTP/1.1" 200 116 158 Mozilla/5.0 (Windows NT 10.0; Win64; x64) AppleWebKit/537.36 (KHTML, like Gecko) Chrome/89.0.4389.90 Safari/537.36
0:0:0:0:0:0:0:1 - - [22/Mar/2021:18:47:28 +0800] "GET /nacos/v1/auth/permissions?pageNo=1&pageSize=9&accessToken=eyJhbGciOiJIUzI1NiJ9.eyJzdWIiOiJuYWNvcyIsImV4cCI6MTYxNjE2OTcxMH0.bnWs-_oD89g1EuFLW3EhiVD8iNrKgjwOwwK5h2g1MwY HTTP/1.1" 200 76 36 Mozilla/5.0 (Windows NT 10.0; Win64; x64) AppleWebKit/537.36 (KHTML, like Gecko) Chrome/89.0.4389.90 Safari/537.36
0:0:0:0:0:0:0:1 - - [22/Mar/2021:18:47:28 +0800] "GET /nacos/v1/console/namespaces?accessToken=eyJhbGciOiJIUzI1NiJ9.eyJzdWIiOiJuYWNvcyIsImV4cCI6MTYxNjE2OTcxMH0.bnWs-_oD89g1EuFLW3EhiVD8iNrKgjwOwwK5h2g1MwY HTTP/1.1" 200 130 145 Mozilla/5.0 (Windows NT 10.0; Win64; x64) AppleWebKit/537.36 (KHTML, like Gecko) Chrome/89.0.4389.90 Safari/537.36
0:0:0:0:0:0:0:1 - - [22/Mar/2021:18:47:28 +0800] "GET /nacos/v1/console/namespaces?accessToken=eyJhbGciOiJIUzI1NiJ9.eyJzdWIiOiJuYWNvcyIsImV4cCI6MTYxNjE2OTcxMH0.bnWs-_oD89g1EuFLW3EhiVD8iNrKgjwOwwK5h2g1MwY HTTP/1.1" 200 130 68 Mozilla/5.0 (Windows NT 10.0; Win64; x64) AppleWebKit/537.36 (KHTML, like Gecko) Chrome/89.0.4389.90 Safari/537.36
0:0:0:0:0:0:0:1 - - [22/Mar/2021:18:47:28 +0800] "GET /nacos/v1/auth/roles?pageNo=1&pageSize=9&accessToken=eyJhbGciOiJIUzI1NiJ9.eyJzdWIiOiJuYWNvcyIsImV4cCI6MTYxNjE2OTcxMH0.bnWs-_oD89g1EuFLW3EhiVD8iNrKgjwOwwK5h2g1MwY HTTP/1.1" 200 116 129 Mozilla/5.0 (Windows NT 10.0; Win64; x64) AppleWebKit/537.36 (KHTML, like Gecko) Chrome/89.0.4389.90 Safari/537.36
0:0:0:0:0:0:0:1 - - [22/Mar/2021:18:47:29 +0800] "GET /nacos/v1/auth/users?pageNo=1&pageSize=9&accessToken=eyJhbGciOiJIUzI1NiJ9.eyJzdWIiOiJuYWNvcyIsImV4cCI6MTYxNjE2OTcxMH0.bnWs-_oD89g1EuFLW3EhiVD8iNrKgjwOwwK5h2g1MwY HTTP/1.1" 200 170 122 Mozilla/5.0 (Windows NT 10.0; Win64; x64) AppleWebKit/537.36 (KHTML, like Gecko) Chrome/89.0.4389.90 Safari/537.36
