2021-08-01 00:00:49,024 INFO PERFORMANCE:|3|3|-1|-1

2021-08-01 00:05:49,029 INFO PERFORMANCE:|3|3|-1|-1

2021-08-01 00:10:49,035 INFO PERFORMANCE:|3|3|-1|-1

2021-08-01 00:15:49,047 INFO PERFORMANCE:|3|3|-1|-1

2021-08-01 00:20:49,055 INFO PERFORMANCE:|3|3|-1|-1

2021-08-01 00:25:49,068 INFO PERFORMANCE:|3|3|-1|-1

2021-08-01 00:30:49,069 INFO PERFORMANCE:|3|3|-1|-1

2021-08-01 00:35:49,077 INFO PERFORMANCE:|3|3|-1|-1

2021-08-01 00:40:49,079 INFO PERFORMANCE:|3|3|-1|-1

2021-08-01 00:45:49,091 INFO PERFORMANCE:|3|3|-1|-1

2021-08-01 00:50:49,100 INFO PERFORMANCE:|3|3|-1|-1

2021-08-01 00:55:49,115 INFO PERFORMANCE:|3|3|-1|-1

2021-08-01 01:00:49,117 INFO PERFORMANCE:|3|3|-1|-1

2021-08-01 01:05:49,129 INFO PERFORMANCE:|3|3|-1|-1

2021-08-01 01:10:49,139 INFO PERFORMANCE:|3|3|-1|-1

2021-08-01 01:15:49,150 INFO PERFORMANCE:|3|3|-1|-1

2021-08-01 01:20:49,165 INFO PERFORMANCE:|3|3|-1|-1

2021-08-01 01:25:49,177 INFO PERFORMANCE:|3|3|-1|-1

2021-08-01 01:30:49,188 INFO PERFORMANCE:|3|3|-1|-1

2021-08-01 01:35:49,200 INFO PERFORMANCE:|3|3|-1|-1

2021-08-01 01:40:49,200 INFO PERFORMANCE:|3|3|-1|-1

2021-08-01 01:45:49,212 INFO PERFORMANCE:|3|3|-1|-1

2021-08-01 01:50:49,217 INFO PERFORMANCE:|3|3|-1|-1

2021-08-01 01:55:49,221 INFO PERFORMANCE:|3|3|-1|-1

2021-08-01 02:00:49,233 INFO PERFORMANCE:|3|3|-1|-1

2021-08-01 02:05:49,242 INFO PERFORMANCE:|3|3|-1|-1

2021-08-01 02:10:49,248 INFO PERFORMANCE:|3|3|-1|-1

2021-08-01 02:15:49,262 INFO PERFORMANCE:|3|3|-1|-1

2021-08-01 02:20:49,275 INFO PERFORMANCE:|3|3|-1|-1

2021-08-01 02:25:49,279 INFO PERFORMANCE:|3|3|-1|-1

2021-08-01 02:30:49,283 INFO PERFORMANCE:|3|3|-1|-1

2021-08-01 02:35:49,284 INFO PERFORMANCE:|3|3|-1|-1

2021-08-01 02:40:49,297 INFO PERFORMANCE:|3|3|-1|-1

2021-08-01 02:45:49,306 INFO PERFORMANCE:|3|3|-1|-1

2021-08-01 02:50:49,309 INFO PERFORMANCE:|3|3|-1|-1

2021-08-01 02:55:49,323 INFO PERFORMANCE:|3|3|-1|-1

2021-08-01 03:00:49,333 INFO PERFORMANCE:|3|3|-1|-1

2021-08-01 03:05:49,335 INFO PERFORMANCE:|3|3|-1|-1

2021-08-01 03:10:49,344 INFO PERFORMANCE:|3|3|-1|-1

2021-08-01 03:15:49,350 INFO PERFORMANCE:|3|3|-1|-1

2021-08-01 03:20:49,350 INFO PERFORMANCE:|3|3|-1|-1

2021-08-01 03:25:49,357 INFO PERFORMANCE:|3|3|-1|-1

2021-08-01 03:30:49,367 INFO PERFORMANCE:|3|3|-1|-1

2021-08-01 03:35:49,376 INFO PERFORMANCE:|3|3|-1|-1

2021-08-01 03:40:49,387 INFO PERFORMANCE:|3|3|-1|-1

2021-08-01 03:45:49,398 INFO PERFORMANCE:|3|3|-1|-1

2021-08-01 03:50:49,403 INFO PERFORMANCE:|3|3|-1|-1

2021-08-01 03:55:49,407 INFO PERFORMANCE:|3|3|-1|-1

2021-08-01 04:00:49,414 INFO PERFORMANCE:|3|3|-1|-1

2021-08-01 04:05:49,427 INFO PERFORMANCE:|3|3|-1|-1

2021-08-01 04:10:49,440 INFO PERFORMANCE:|3|3|-1|-1

2021-08-01 04:15:49,453 INFO PERFORMANCE:|3|3|-1|-1

2021-08-01 04:20:49,459 INFO PERFORMANCE:|3|3|-1|-1

2021-08-01 04:25:49,468 INFO PERFORMANCE:|3|3|-1|-1

2021-08-01 04:30:49,469 INFO PERFORMANCE:|3|3|-1|-1

2021-08-01 04:35:49,479 INFO PERFORMANCE:|3|3|-1|-1

2021-08-01 04:40:49,486 INFO PERFORMANCE:|3|3|-1|-1

2021-08-01 04:45:49,492 INFO PERFORMANCE:|3|3|-1|-1

2021-08-01 04:50:49,508 INFO PERFORMANCE:|3|3|-1|-1

2021-08-01 04:55:49,517 INFO PERFORMANCE:|3|3|-1|-1

2021-08-01 05:00:49,532 INFO PERFORMANCE:|3|3|-1|-1

2021-08-01 05:05:49,544 INFO PERFORMANCE:|3|3|-1|-1

2021-08-01 05:10:49,547 INFO PERFORMANCE:|3|3|-1|-1

2021-08-01 05:15:49,557 INFO PERFORMANCE:|3|3|-1|-1

2021-08-01 05:20:49,559 INFO PERFORMANCE:|3|3|-1|-1

2021-08-01 05:25:49,559 INFO PERFORMANCE:|3|3|-1|-1

2021-08-01 05:30:49,559 INFO PERFORMANCE:|3|3|-1|-1

2021-08-01 05:35:49,568 INFO PERFORMANCE:|3|3|-1|-1

2021-08-01 05:40:49,572 INFO PERFORMANCE:|3|3|-1|-1

2021-08-01 05:45:49,585 INFO PERFORMANCE:|3|3|-1|-1

2021-08-01 05:50:49,587 INFO PERFORMANCE:|3|3|-1|-1

2021-08-01 05:55:49,601 INFO PERFORMANCE:|3|3|-1|-1

2021-08-01 06:00:49,616 INFO PERFORMANCE:|3|3|-1|-1

2021-08-01 06:05:49,617 INFO PERFORMANCE:|3|3|-1|-1

2021-08-01 06:10:49,624 INFO PERFORMANCE:|3|3|-1|-1

2021-08-01 06:15:49,628 INFO PERFORMANCE:|3|3|-1|-1

2021-08-01 06:20:49,643 INFO PERFORMANCE:|3|3|-1|-1

2021-08-01 06:25:49,650 INFO PERFORMANCE:|3|3|-1|-1

2021-08-01 06:30:49,658 INFO PERFORMANCE:|3|3|-1|-1

2021-08-01 06:35:49,671 INFO PERFORMANCE:|3|3|-1|-1

2021-08-01 06:40:49,679 INFO PERFORMANCE:|3|3|-1|-1

2021-08-01 06:45:49,693 INFO PERFORMANCE:|3|3|-1|-1

2021-08-01 06:50:49,708 INFO PERFORMANCE:|3|3|-1|-1

2021-08-01 06:55:49,719 INFO PERFORMANCE:|3|3|-1|-1

2021-08-01 07:00:49,733 INFO PERFORMANCE:|3|3|-1|-1

2021-08-01 07:05:49,741 INFO PERFORMANCE:|3|3|-1|-1

2021-08-01 07:10:49,748 INFO PERFORMANCE:|3|3|-1|-1

2021-08-01 07:15:49,749 INFO PERFORMANCE:|3|3|-1|-1

2021-08-01 07:20:49,758 INFO PERFORMANCE:|3|3|-1|-1

2021-08-01 07:25:49,762 INFO PERFORMANCE:|3|3|-1|-1

2021-08-01 07:30:49,775 INFO PERFORMANCE:|3|3|-1|-1

2021-08-01 07:35:49,788 INFO PERFORMANCE:|3|3|-1|-1

2021-08-01 07:40:49,792 INFO PERFORMANCE:|3|3|-1|-1

2021-08-01 07:45:49,805 INFO PERFORMANCE:|3|3|-1|-1

2021-08-01 07:50:49,810 INFO PERFORMANCE:|3|3|-1|-1

2021-08-01 07:55:49,817 INFO PERFORMANCE:|3|3|-1|-1

2021-08-01 08:00:49,825 INFO PERFORMANCE:|3|3|-1|-1

2021-08-01 08:05:49,839 INFO PERFORMANCE:|3|3|-1|-1

2021-08-01 08:10:49,853 INFO PERFORMANCE:|3|3|-1|-1

2021-08-01 08:15:49,869 INFO PERFORMANCE:|3|3|-1|-1

2021-08-01 08:20:49,876 INFO PERFORMANCE:|3|3|-1|-1

2021-08-01 08:25:49,884 INFO PERFORMANCE:|3|3|-1|-1

2021-08-01 08:30:49,894 INFO PERFORMANCE:|3|3|-1|-1

2021-08-01 08:35:49,903 INFO PERFORMANCE:|3|3|-1|-1

2021-08-01 08:40:49,916 INFO PERFORMANCE:|3|3|-1|-1

2021-08-01 08:45:49,922 INFO PERFORMANCE:|3|3|-1|-1

2021-08-01 08:50:49,936 INFO PERFORMANCE:|3|3|-1|-1

2021-08-01 08:55:49,943 INFO PERFORMANCE:|3|3|-1|-1

2021-08-01 09:00:49,950 INFO PERFORMANCE:|3|3|-1|-1

2021-08-01 09:05:49,951 INFO PERFORMANCE:|3|3|-1|-1

2021-08-01 09:10:49,967 INFO PERFORMANCE:|3|3|-1|-1

2021-08-01 09:15:49,980 INFO PERFORMANCE:|3|3|-1|-1

2021-08-01 09:20:49,980 INFO PERFORMANCE:|3|3|-1|-1

